c:\users\jason\google drive\hamid_project\context\x32-release\obj\context\vc140.pdb
c:\users\jason\google drive\hamid_project\context\x32-release\obj\context\wcharmbcsconverter.obj
c:\users\jason\google drive\hamid_project\context\x32-release\obj\context\tag.obj
c:\users\jason\google drive\hamid_project\context\x32-release\obj\context\stdafx.obj
c:\users\jason\google drive\hamid_project\context\x32-release\obj\context\plugin.obj
c:\users\jason\google drive\hamid_project\context\x32-release\obj\context\nppallocator.obj
c:\users\jason\google drive\hamid_project\context\x32-release\obj\context\notepadppu.obj
c:\users\jason\google drive\hamid_project\context\x32-release\obj\context\menumanager.obj
c:\users\jason\google drive\hamid_project\context\x32-release\obj\context\lexer.obj
c:\users\jason\google drive\hamid_project\context\x32-release\obj\context\dynamicidmanager.obj
c:\users\jason\google drive\hamid_project\context\x32-release\obj\context\contexteditu.obj
c:\users\jason\google drive\hamid_project\context\x32-release\obj\context\configfile.obj
c:\users\jason\google drive\hamid_project\context\x32-release\obj\context\wordlist.obj
c:\users\jason\google drive\hamid_project\context\x32-release\obj\context\lexerbase.obj
c:\users\jason\google drive\hamid_project\context\x32-release\obj\context\accessor.obj
c:\users\jason\google drive\hamid_project\context\x32-release\obj\context\plugin.res
c:\users\jason\google drive\hamid_project\context\x32-release\obj\context\context.tlog\cl.command.1.tlog
c:\users\jason\google drive\hamid_project\context\x32-release\obj\context\context.tlog\cl.read.1.tlog
c:\users\jason\google drive\hamid_project\context\x32-release\obj\context\context.tlog\cl.write.1.tlog
c:\users\jason\google drive\hamid_project\context\x32-release\obj\context\context.tlog\link.command.1.tlog
c:\users\jason\google drive\hamid_project\context\x32-release\obj\context\context.tlog\link.read.1.tlog
c:\users\jason\google drive\hamid_project\context\x32-release\obj\context\context.tlog\link.write.1.tlog
c:\users\jason\google drive\hamid_project\context\x32-release\obj\context\context.tlog\rc.command.1.tlog
c:\users\jason\google drive\hamid_project\context\x32-release\obj\context\context.tlog\rc.read.1.tlog
c:\users\jason\google drive\hamid_project\context\x32-release\obj\context\context.tlog\rc.write.1.tlog
